[debug] [2022-08-30T19:58:34.856Z] ----------------------------------------------------------------------
[debug] [2022-08-30T19:58:34.858Z] Command:       C:\Program Files\nodejs\node.exe C:\Users\Pepe\AppData\Roaming\npm\node_modules\firebase-tools\lib\bin\firebase.js init
[debug] [2022-08-30T19:58:34.858Z] CLI Version:   11.8.0
[debug] [2022-08-30T19:58:34.858Z] Platform:      win32
[debug] [2022-08-30T19:58:34.859Z] Node Version:  v16.16.0
[debug] [2022-08-30T19:58:34.860Z] Time:          Tue Aug 30 2022 16:58:34 GMT-0300 (hora estándar de Argentina)
[debug] [2022-08-30T19:58:34.860Z] ----------------------------------------------------------------------
[debug] 
[debug] [2022-08-30T19:58:34.868Z] > command requires scopes: ["email","openid","https://www.googleapis.com/auth/cloudplatformprojects.readonly","https://www.googleapis.com/auth/firebase","https://www.googleapis.com/auth/cloud-platform"]
[debug] [2022-08-30T19:58:34.869Z] > authorizing via signed-in user (josesabeckis_pj@hotmail.com.ar)
[info] 
     ######## #### ########  ######## ########     ###     ######  ########
     ##        ##  ##     ## ##       ##     ##  ##   ##  ##       ##
     ######    ##  ########  ######   ########  #########  ######  ######
     ##        ##  ##    ##  ##       ##     ## ##     ##       ## ##
     ##       #### ##     ## ######## ########  ##     ##  ######  ########

You're about to initialize a Firebase project in this directory:

  C:\Windows\System32\Prueba\proyecto

Before we get started, keep in mind:

  * You are currently outside your home directory

[info] 
=== Project Setup
[info] 
[info] First, let's associate this project directory with a Firebase project.
[info] You can create multiple project aliases by running firebase use --add, 
[info] but for now we'll just set up a default project.
[info] 
[debug] [2022-08-30T19:58:51.656Z] >>> [apiv2][query] GET https://firebase.googleapis.com/v1beta1/projects pageSize=100
[debug] [2022-08-30T19:58:52.835Z] <<< [apiv2][status] GET https://firebase.googleapis.com/v1beta1/projects 200
[debug] [2022-08-30T19:58:52.835Z] <<< [apiv2][body] GET https://firebase.googleapis.com/v1beta1/projects [omitted]
[info] i  Using project frontendpoyectofinal (FrontEndPoyectoFinal) 
[info] 
=== Hosting Setup
[info] 
[info] Your public directory is the folder (relative to your project directory) that
[info] will contain Hosting assets to be uploaded with firebase deploy. If you
[info] have a build process for your assets, use your build's output directory.
[info] 
[debug] [2022-08-30T19:59:14.391Z] >>> [apiv2][query] GET https://www.gstatic.com/firebasejs/releases.json [none]
[debug] [2022-08-30T19:59:14.509Z] <<< [apiv2][status] GET https://www.gstatic.com/firebasejs/releases.json 200
[debug] [2022-08-30T19:59:14.509Z] <<< [apiv2][body] GET https://www.gstatic.com/firebasejs/releases.json {"current":{"version":"9.9.3","browserURL":"https://www.gstatic.com/firebasejs/9.9.3/firebase.js","packageURL":"https://www.gstatic.com/firebasejs/9.9.3/firebase.tgz"},"live":{"version":"9.9","browserURL":"https://www.gstatic.com/firebasejs/live/9.9/firebase.js","packageURL":"https://www.gstatic.com/firebasejs/live/9.9/firebase.tgz"},"components":{"analytics":"https://www.gstatic.com/firebasejs/9.9.3/firebase-analytics.js","app":"https://www.gstatic.com/firebasejs/9.9.3/firebase-app.js","app-check":"https://www.gstatic.com/firebasejs/9.9.3/firebase-app-check.js","auth":"https://www.gstatic.com/firebasejs/9.9.3/firebase-auth.js","auth/cordova":"https://www.gstatic.com/firebasejs/9.9.3/firebase-auth/cordova.js","auth/react-native":"https://www.gstatic.com/firebasejs/9.9.3/firebase-auth/react-native.js","functions":"https://www.gstatic.com/firebasejs/9.9.3/firebase-functions.js","firestore":"https://www.gstatic.com/firebasejs/9.9.3/firebase-firestore.js","firestore/lite":"https://www.gstatic.com/firebasejs/9.9.3/firebase-firestore/lite.js","installations":"https://www.gstatic.com/firebasejs/9.9.3/firebase-installations.js","storage":"https://www.gstatic.com/firebasejs/9.9.3/firebase-storage.js","performance":"https://www.gstatic.com/firebasejs/9.9.3/firebase-performance.js","remote-config":"https://www.gstatic.com/firebasejs/9.9.3/firebase-remote-config.js","messaging":"https://www.gstatic.com/firebasejs/9.9.3/firebase-messaging.js","messaging/sw":"https://www.gstatic.com/firebasejs/9.9.3/firebase-messaging/sw.js","database":"https://www.gstatic.com/firebasejs/9.9.3/firebase-database.js","firestore.memory":"https://www.gstatic.com/firebasejs/9.9.3/firebase-firestore.memory.js"}}
[info] +  Wrote yes/index.html 
[info] 
[info] i  Detected a .git folder at C:\Windows\System32\Prueba\proyecto 
[info] i  Authorizing with GitHub to upload your service account to a GitHub repository's secrets store. 
[info] 
[info] Visit this URL on this device to log in:
[info] https://github.com/login/oauth/authorize?client_id=89cf50f02ac6aaed3484&state=581222005&redirect_uri=http%3A%2F%2Flocalhost%3A9005&scope=read%3Auser%20repo%20public_repo
[info] 
[info] Waiting for authentication...
[debug] [2022-08-30T19:59:44.183Z] >>> [apiv2][query] POST https://github.com/login/oauth/access_token [none]
[debug] [2022-08-30T19:59:44.183Z] >>> [apiv2][body] POST https://github.com/login/oauth/access_token [stream]
[debug] [2022-08-30T19:59:44.587Z] <<< [apiv2][status] POST https://github.com/login/oauth/access_token 200
[debug] [2022-08-30T19:59:44.587Z] <<< [apiv2][body] POST https://github.com/login/oauth/access_token {"access_token":"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","token_type":"bearer","scope":"read:user,repo"}
[debug] [2022-08-30T19:59:44.592Z] >>> [apiv2][query] GET https://api.github.com/user [none]
[debug] [2022-08-30T19:59:44.997Z] <<< [apiv2][status] GET https://api.github.com/user 200
[debug] [2022-08-30T19:59:44.997Z] <<< [apiv2][body] GET https://api.github.com/user {"login":"JoseSabeckis","id":39890731,"node_id":"MDQ6VXNlcjM5ODkwNzMx","avatar_url":"https://avatars.githubusercontent.com/u/39890731?v=4","gravatar_id":"","url":"https://api.github.com/users/JoseSabeckis","html_url":"https://github.com/JoseSabeckis","followers_url":"https://api.github.com/users/JoseSabeckis/followers","following_url":"https://api.github.com/users/JoseSabeckis/following{/other_user}","gists_url":"https://api.github.com/users/JoseSabeckis/gists{/gist_id}","starred_url":"https://api.github.com/users/JoseSabeckis/starred{/owner}{/repo}","subscriptions_url":"https://api.github.com/users/JoseSabeckis/subscriptions","organizations_url":"https://api.github.com/users/JoseSabeckis/orgs","repos_url":"https://api.github.com/users/JoseSabeckis/repos","events_url":"https://api.github.com/users/JoseSabeckis/events{/privacy}","received_events_url":"https://api.github.com/users/JoseSabeckis/received_events","type":"User","site_admin":false,"name":null,"company":null,"blog":"","location":null,"email":null,"hireable":null,"bio":null,"twitter_username":null,"public_repos":8,"public_gists":0,"followers":0,"following":1,"created_at":"2018-06-04T01:04:41Z","updated_at":"2022-08-28T05:20:10Z","private_gists":0,"total_private_repos":6,"owned_private_repos":6,"disk_usage":68824,"collaborators":2,"two_factor_authentication":false,"plan":{"name":"free","space":976562499,"collaborators":0,"private_repos":10000}}
[info] 
[info] +  Success! Logged into GitHub as JoseSabeckis 
[info] 
[debug] [2022-08-30T20:00:05.808Z] >>> [apiv2][query] GET https://api.github.com/repos/user/actions/secrets/public-key type=owner
[debug] [2022-08-30T20:00:06.210Z] <<< [apiv2][status] GET https://api.github.com/repos/user/actions/secrets/public-key 404
[debug] [2022-08-30T20:00:06.210Z] <<< [apiv2][body] GET https://api.github.com/repos/user/actions/secrets/public-key {"message":"Not Found","documentation_url":"https://docs.github.com/rest"}
[debug] [2022-08-30T20:00:19.665Z] >>> [apiv2][query] GET https://api.github.com/repos/user/actions/secrets/public-key type=owner
[debug] [2022-08-30T20:00:19.995Z] <<< [apiv2][status] GET https://api.github.com/repos/user/actions/secrets/public-key 404
[debug] [2022-08-30T20:00:19.995Z] <<< [apiv2][body] GET https://api.github.com/repos/user/actions/secrets/public-key {"message":"Not Found","documentation_url":"https://docs.github.com/rest"}
[debug] [2022-08-30T20:00:20.701Z] >>> [apiv2][query] GET https://api.github.com/repos/user/actions/secrets/public-key type=owner
[debug] [2022-08-30T20:00:21.037Z] <<< [apiv2][status] GET https://api.github.com/repos/user/actions/secrets/public-key 404
[debug] [2022-08-30T20:00:21.037Z] <<< [apiv2][body] GET https://api.github.com/repos/user/actions/secrets/public-key {"message":"Not Found","documentation_url":"https://docs.github.com/rest"}
[debug] [2022-08-30T20:00:21.125Z] >>> [apiv2][query] GET https://api.github.com/repos/user/actions/secrets/public-key type=owner
[debug] [2022-08-30T20:00:21.448Z] <<< [apiv2][status] GET https://api.github.com/repos/user/actions/secrets/public-key 404
[debug] [2022-08-30T20:00:21.448Z] <<< [apiv2][body] GET https://api.github.com/repos/user/actions/secrets/public-key {"message":"Not Found","documentation_url":"https://docs.github.com/rest"}
[debug] [2022-08-30T20:00:27.593Z] >>> [apiv2][query] GET https://api.github.com/repos/repository/actions/secrets/public-key type=owner
[debug] [2022-08-30T20:00:27.918Z] <<< [apiv2][status] GET https://api.github.com/repos/repository/actions/secrets/public-key 404
[debug] [2022-08-30T20:00:27.918Z] <<< [apiv2][body] GET https://api.github.com/repos/repository/actions/secrets/public-key {"message":"Not Found","documentation_url":"https://docs.github.com/rest"}
[debug] [2022-08-30T20:00:51.792Z] >>> [apiv2][query] GET https://api.github.com/repos/proyectoFrontEndAngular/actions/secrets/public-key type=owner
[debug] [2022-08-30T20:00:52.129Z] <<< [apiv2][status] GET https://api.github.com/repos/proyectoFrontEndAngular/actions/secrets/public-key 404
[debug] [2022-08-30T20:00:52.129Z] <<< [apiv2][body] GET https://api.github.com/repos/proyectoFrontEndAngular/actions/secrets/public-key {"message":"Not Found","documentation_url":"https://docs.github.com/rest"}
[debug] [2022-08-30T20:00:56.496Z] >>> [apiv2][query] GET https://api.github.com/repos/proyectoFrontEndAngular/actions/secrets/public-key type=owner
[debug] [2022-08-30T20:00:56.816Z] <<< [apiv2][status] GET https://api.github.com/repos/proyectoFrontEndAngular/actions/secrets/public-key 404
[debug] [2022-08-30T20:00:56.816Z] <<< [apiv2][body] GET https://api.github.com/repos/proyectoFrontEndAngular/actions/secrets/public-key {"message":"Not Found","documentation_url":"https://docs.github.com/rest"}
[debug] [2022-08-30T20:00:59.607Z] >>> [apiv2][query] GET https://api.github.com/repos/proyectoFrontEndAngular/actions/secrets/public-key type=owner
[debug] [2022-08-30T20:00:59.930Z] <<< [apiv2][status] GET https://api.github.com/repos/proyectoFrontEndAngular/actions/secrets/public-key 404
[debug] [2022-08-30T20:00:59.930Z] <<< [apiv2][body] GET https://api.github.com/repos/proyectoFrontEndAngular/actions/secrets/public-key {"message":"Not Found","documentation_url":"https://docs.github.com/rest"}
[debug] [2022-08-30T20:02:11.984Z] >>> [apiv2][query] GET https://api.github.com/repos/master/actions/secrets/public-key type=owner
[debug] [2022-08-30T20:02:12.339Z] <<< [apiv2][status] GET https://api.github.com/repos/master/actions/secrets/public-key 404
[debug] [2022-08-30T20:02:12.339Z] <<< [apiv2][body] GET https://api.github.com/repos/master/actions/secrets/public-key {"message":"Not Found","documentation_url":"https://docs.github.com/rest"}
[debug] [2022-08-30T20:02:15.721Z] >>> [apiv2][query] GET https://api.github.com/repos/n/actions/secrets/public-key type=owner
[debug] [2022-08-30T20:02:16.038Z] <<< [apiv2][status] GET https://api.github.com/repos/n/actions/secrets/public-key 404
[debug] [2022-08-30T20:02:16.038Z] <<< [apiv2][body] GET https://api.github.com/repos/n/actions/secrets/public-key {"message":"Not Found","documentation_url":"https://docs.github.com/rest"}
[debug] [2022-08-30T20:02:44.883Z] >>> [apiv2][query] GET https://api.github.com/repos/proyectoFrontEndAngular/actions/secrets/public-key type=owner
[debug] [2022-08-30T20:02:45.223Z] <<< [apiv2][status] GET https://api.github.com/repos/proyectoFrontEndAngular/actions/secrets/public-key 404
[debug] [2022-08-30T20:02:45.224Z] <<< [apiv2][body] GET https://api.github.com/repos/proyectoFrontEndAngular/actions/secrets/public-key {"message":"Not Found","documentation_url":"https://docs.github.com/rest"}
[debug] [2022-08-30T20:03:10.832Z] >>> [apiv2][query] GET https://api.github.com/repos/ejemplosb/actions/secrets/public-key type=owner
[debug] [2022-08-30T20:03:11.147Z] <<< [apiv2][status] GET https://api.github.com/repos/ejemplosb/actions/secrets/public-key 404
[debug] [2022-08-30T20:03:11.148Z] <<< [apiv2][body] GET https://api.github.com/repos/ejemplosb/actions/secrets/public-key {"message":"Not Found","documentation_url":"https://docs.github.com/rest"}
[debug] [2022-08-30T20:03:13.225Z] >>> [apiv2][query] GET https://api.github.com/repos/ejemplosdb/actions/secrets/public-key type=owner
[debug] [2022-08-30T20:03:13.539Z] <<< [apiv2][status] GET https://api.github.com/repos/ejemplosdb/actions/secrets/public-key 404
[debug] [2022-08-30T20:03:13.539Z] <<< [apiv2][body] GET https://api.github.com/repos/ejemplosdb/actions/secrets/public-key {"message":"Not Found","documentation_url":"https://docs.github.com/rest"}
[debug] [2022-08-30T20:03:14.740Z] >>> [apiv2][query] GET https://api.github.com/repos/ejemplosdb/actions/secrets/public-key type=owner
[debug] [2022-08-30T20:03:14.932Z] >>> [apiv2][query] GET https://api.github.com/repos//actions/secrets/public-key type=owner
[debug] [2022-08-30T20:03:15.064Z] <<< [apiv2][status] GET https://api.github.com/repos/ejemplosdb/actions/secrets/public-key 404
[debug] [2022-08-30T20:03:15.064Z] <<< [apiv2][body] GET https://api.github.com/repos/ejemplosdb/actions/secrets/public-key {"message":"Not Found","documentation_url":"https://docs.github.com/rest"}
[debug] [2022-08-30T20:03:15.109Z] >>> [apiv2][query] GET https://api.github.com/repos/ejemplosdb/actions/secrets/public-key type=owner
[debug] [2022-08-30T20:03:15.246Z] <<< [apiv2][status] GET https://api.github.com/repos//actions/secrets/public-key 404
[debug] [2022-08-30T20:03:15.246Z] <<< [apiv2][body] GET https://api.github.com/repos//actions/secrets/public-key {"message":"Not Found","documentation_url":"https://docs.github.com/rest"}
[debug] [2022-08-30T20:03:15.431Z] <<< [apiv2][status] GET https://api.github.com/repos/ejemplosdb/actions/secrets/public-key 404
[debug] [2022-08-30T20:03:15.431Z] <<< [apiv2][body] GET https://api.github.com/repos/ejemplosdb/actions/secrets/public-key {"message":"Not Found","documentation_url":"https://docs.github.com/rest"}
[debug] [2022-08-30T20:03:55.004Z] >>> [apiv2][query] GET https://api.github.com/repos/repository/proyectoFrontEndAngular/actions/secrets/public-key type=owner
[debug] [2022-08-30T20:03:55.356Z] <<< [apiv2][status] GET https://api.github.com/repos/repository/proyectoFrontEndAngular/actions/secrets/public-key 404
[debug] [2022-08-30T20:03:55.356Z] <<< [apiv2][body] GET https://api.github.com/repos/repository/proyectoFrontEndAngular/actions/secrets/public-key {"message":"Not Found","documentation_url":"https://docs.github.com/rest/reference/actions#get-a-repository-public-key"}
[debug] [2022-08-30T20:04:03.436Z] >>> [apiv2][query] GET https://api.github.com/repos/repository proyectoFrontEndAngular/actions/secrets/public-key type=owner
[debug] [2022-08-30T20:04:03.780Z] <<< [apiv2][status] GET https://api.github.com/repos/repository proyectoFrontEndAngular/actions/secrets/public-key 404
[debug] [2022-08-30T20:04:03.780Z] <<< [apiv2][body] GET https://api.github.com/repos/repository proyectoFrontEndAngular/actions/secrets/public-key {"message":"Not Found","documentation_url":"https://docs.github.com/rest"}
[debug] [2022-08-30T20:06:39.733Z] >>> [apiv2][query] GET https://api.github.com/repos/yes/actions/secrets/public-key type=owner
[debug] [2022-08-30T20:06:40.078Z] <<< [apiv2][status] GET https://api.github.com/repos/yes/actions/secrets/public-key 404
[debug] [2022-08-30T20:06:40.078Z] <<< [apiv2][body] GET https://api.github.com/repos/yes/actions/secrets/public-key {"message":"Not Found","documentation_url":"https://docs.github.com/rest"}
[debug] [2022-08-30T20:06:41.653Z] >>> [apiv2][query] GET https://api.github.com/repos/y/actions/secrets/public-key type=owner
[debug] [2022-08-30T20:06:41.982Z] <<< [apiv2][status] GET https://api.github.com/repos/y/actions/secrets/public-key 404
[debug] [2022-08-30T20:06:41.982Z] <<< [apiv2][body] GET https://api.github.com/repos/y/actions/secrets/public-key {"message":"Not Found","documentation_url":"https://docs.github.com/rest"}
[debug] [2022-08-30T20:06:59.240Z] Error: kill ENOSYS
    at process.kill (node:internal/process/per_thread:220:13)
    at process.listener (C:\Users\Pepe\AppData\Roaming\npm\node_modules\firebase-tools\node_modules\signal-exit\index.js:95:15)
    at process.emit (node:events:527:28)
[error] 
[error] Error: An unexpected error has occurred.
